Flow report for DE2_Audio_Example
Wed Dec 14 23:20:57 2016
Quartus II 64-Bit Version 13.0.1 Build 232 06/12/2013 Service Pack 1 SJ Full Version


---------------------
; Table of Contents ;
---------------------
  1. Legal Notice
  2. Flow Summary
  3. Flow Settings
  4. Flow Non-Default Global Settings
  5. Flow Elapsed Time
  6. Flow OS Summary
  7. Flow Log
  8. Flow Messages
  9. Flow Suppressed Messages



----------------
; Legal Notice ;
----------------
Copyright (C) 1991-2013 Altera Corporation
Your use of Altera Corporation's design tools, logic functions 
and other software and tools, and its AMPP partner logic 
functions, and any output files from any of the foregoing 
(including device programming or simulation files), and any 
associated documentation or information are expressly subject 
to the terms and conditions of the Altera Program License 
Subscription Agreement, Altera MegaCore Function License 
Agreement, or other applicable license agreement, including, 
without limitation, that your use is for the sole purpose of 
programming logic devices manufactured by Altera and sold by 
Altera or its authorized distributors.  Please refer to the 
applicable agreement for further details.



+---------------------------------------------------------------------------------------+
; Flow Summary                                                                          ;
+------------------------------------+--------------------------------------------------+
; Flow Status                        ; Successful - Wed Dec 14 23:20:53 2016            ;
; Quartus II 64-Bit Version          ; 13.0.1 Build 232 06/12/2013 SP 1 SJ Full Version ;
; Revision Name                      ; DE2_Audio_Example                                ;
; Top-level Entity Name              ; toplevel                                         ;
; Family                             ; Cyclone II                                       ;
; Device                             ; EP2C35F672C6                                     ;
; Timing Models                      ; Final                                            ;
; Total logic elements               ; 3,505 / 33,216 ( 11 % )                          ;
;     Total combinational functions  ; 1,667 / 33,216 ( 5 % )                           ;
;     Dedicated logic registers      ; 2,963 / 33,216 ( 9 % )                           ;
; Total registers                    ; 2963                                             ;
; Total pins                         ; 34 / 475 ( 7 % )                                 ;
; Total virtual pins                 ; 0                                                ;
; Total memory bits                  ; 40,960 / 483,840 ( 8 % )                         ;
; Embedded Multiplier 9-bit elements ; 0 / 70 ( 0 % )                                   ;
; Total PLLs                         ; 1 / 4 ( 25 % )                                   ;
+------------------------------------+--------------------------------------------------+


+-----------------------------------------+
; Flow Settings                           ;
+-------------------+---------------------+
; Option            ; Setting             ;
+-------------------+---------------------+
; Start date & time ; 12/14/2016 23:20:21 ;
; Main task         ; Compilation         ;
; Revision Name     ; DE2_Audio_Example   ;
+-------------------+---------------------+


+--------------------------------------------------------------------------------------------------------------------------------------------------------------------------------------------------------------------------------------------------------------------------------------------------------------------------------------------------------------------------------------------------------------------------------------------------------------------------------------------------------------------------------------------------------------------------------------------------------------------------------------------------------------------------------------------------------------------------------------------------+
; Flow Non-Default Global Settings                                                                                                                                                                                                                                                                                                                                                                                                                                                                                                                                                                                                                                                                                                                 ;
+-------------------------------------+------------------------------------------------------------------------------------------------------------------------------------------------------------------------------------------------------------------------------------------------------------------------------------------------------------------------------------------------------------------------------------------------------------------------------------------------------------------------------------------------------------------------------------------------------------------------------------------------------------------------------------------+--------------------------------+-------------+------------------+
; Assignment Name                     ; Value                                                                                                                                                                                                                                                                                                                                                                                                                                                                                                                                                                                                                                    ; Default Value                  ; Entity Name ; Section Id       ;
+-------------------------------------+------------------------------------------------------------------------------------------------------------------------------------------------------------------------------------------------------------------------------------------------------------------------------------------------------------------------------------------------------------------------------------------------------------------------------------------------------------------------------------------------------------------------------------------------------------------------------------------------------------------------------------------+--------------------------------+-------------+------------------+
; COMPILER_SIGNATURE_ID               ; 273440550267350.148177562109436                                                                                                                                                                                                                                                                                                                                                                                                                                                                                                                                                                                                          ; --                             ; --          ; --               ;
; ENABLE_SIGNALTAP                    ; On                                                                                                                                                                                                                                                                                                                                                                                                                                                                                                                                                                                                                                       ; --                             ; --          ; --               ;
; MAX_CORE_JUNCTION_TEMP              ; 85                                                                                                                                                                                                                                                                                                                                                                                                                                                                                                                                                                                                                                       ; --                             ; --          ; --               ;
; MIN_CORE_JUNCTION_TEMP              ; 0                                                                                                                                                                                                                                                                                                                                                                                                                                                                                                                                                                                                                                        ; --                             ; --          ; --               ;
; OPTIMIZE_HOLD_TIMING                ; All Paths                                                                                                                                                                                                                                                                                                                                                                                                                                                                                                                                                                                                                                ; IO Paths and Minimum TPD Paths ; --          ; --               ;
; PARTITION_COLOR                     ; 2147039                                                                                                                                                                                                                                                                                                                                                                                                                                                                                                                                                                                                                                  ; --                             ; toplevel    ; Top              ;
; PARTITION_FITTER_PRESERVATION_LEVEL ; PLACEMENT_AND_ROUTING                                                                                                                                                                                                                                                                                                                                                                                                                                                                                                                                                                                                                    ; --                             ; toplevel    ; Top              ;
; PARTITION_NETLIST_TYPE              ; SOURCE                                                                                                                                                                                                                                                                                                                                                                                                                                                                                                                                                                                                                                   ; --                             ; toplevel    ; Top              ;
; POWER_BOARD_THERMAL_MODEL           ; None (CONSERVATIVE)                                                                                                                                                                                                                                                                                                                                                                                                                                                                                                                                                                                                                      ; --                             ; --          ; --               ;
; POWER_PRESET_COOLING_SOLUTION       ; 23 MM HEAT SINK WITH 200 LFPM AIRFLOW                                                                                                                                                                                                                                                                                                                                                                                                                                                                                                                                                                                                    ; --                             ; --          ; --               ;
; SLD_FILE                            ; C:/Users/vbhand2/Downloads/SPH_final_project/bitsteamtest_auto_stripped.stp                                                                                                                                                                                                                                                                                                                                                                                                                                                                                                                                                              ; --                             ; --          ; --               ;
; SLD_NODE_CREATOR_ID                 ; 110                                                                                                                                                                                                                                                                                                                                                                                                                                                                                                                                                                                                                                      ; --                             ; --          ; auto_signaltap_0 ;
; SLD_NODE_ENTITY_NAME                ; sld_signaltap                                                                                                                                                                                                                                                                                                                                                                                                                                                                                                                                                                                                                            ; --                             ; --          ; auto_signaltap_0 ;
; SLD_NODE_PARAMETER_ASSIGNMENT       ; SLD_NODE_INFO=805334528                                                                                                                                                                                                                                                                                                                                                                                                                                                                                                                                                                                                                  ; --                             ; --          ; auto_signaltap_0 ;
; SLD_NODE_PARAMETER_ASSIGNMENT       ; SLD_POWER_UP_TRIGGER=0                                                                                                                                                                                                                                                                                                                                                                                                                                                                                                                                                                                                                   ; --                             ; --          ; auto_signaltap_0 ;
; SLD_NODE_PARAMETER_ASSIGNMENT       ; SLD_STORAGE_QUALIFIER_INVERSION_MASK_LENGTH=0                                                                                                                                                                                                                                                                                                                                                                                                                                                                                                                                                                                            ; --                             ; --          ; auto_signaltap_0 ;
; SLD_NODE_PARAMETER_ASSIGNMENT       ; SLD_SEGMENT_SIZE=128                                                                                                                                                                                                                                                                                                                                                                                                                                                                                                                                                                                                                     ; --                             ; --          ; auto_signaltap_0 ;
; SLD_NODE_PARAMETER_ASSIGNMENT       ; SLD_ATTRIBUTE_MEM_MODE=OFF                                                                                                                                                                                                                                                                                                                                                                                                                                                                                                                                                                                                               ; --                             ; --          ; auto_signaltap_0 ;
; SLD_NODE_PARAMETER_ASSIGNMENT       ; SLD_STATE_FLOW_USE_GENERATED=0                                                                                                                                                                                                                                                                                                                                                                                                                                                                                                                                                                                                           ; --                             ; --          ; auto_signaltap_0 ;
; SLD_NODE_PARAMETER_ASSIGNMENT       ; SLD_STATE_BITS=11                                                                                                                                                                                                                                                                                                                                                                                                                                                                                                                                                                                                                        ; --                             ; --          ; auto_signaltap_0 ;
; SLD_NODE_PARAMETER_ASSIGNMENT       ; SLD_BUFFER_FULL_STOP=1                                                                                                                                                                                                                                                                                                                                                                                                                                                                                                                                                                                                                   ; --                             ; --          ; auto_signaltap_0 ;
; SLD_NODE_PARAMETER_ASSIGNMENT       ; SLD_CURRENT_RESOURCE_WIDTH=1                                                                                                                                                                                                                                                                                                                                                                                                                                                                                                                                                                                                             ; --                             ; --          ; auto_signaltap_0 ;
; SLD_NODE_PARAMETER_ASSIGNMENT       ; SLD_TRIGGER_LEVEL=1                                                                                                                                                                                                                                                                                                                                                                                                                                                                                                                                                                                                                      ; --                             ; --          ; auto_signaltap_0 ;
; SLD_NODE_PARAMETER_ASSIGNMENT       ; SLD_SAMPLE_DEPTH=128                                                                                                                                                                                                                                                                                                                                                                                                                                                                                                                                                                                                                     ; --                             ; --          ; auto_signaltap_0 ;
; SLD_NODE_PARAMETER_ASSIGNMENT       ; SLD_TRIGGER_IN_ENABLED=0                                                                                                                                                                                                                                                                                                                                                                                                                                                                                                                                                                                                                 ; --                             ; --          ; auto_signaltap_0 ;
; SLD_NODE_PARAMETER_ASSIGNMENT       ; SLD_ADVANCED_TRIGGER_ENTITY=basic,1,                                                                                                                                                                                                                                                                                                                                                                                                                                                                                                                                                                                                     ; --                             ; --          ; auto_signaltap_0 ;
; SLD_NODE_PARAMETER_ASSIGNMENT       ; SLD_TRIGGER_LEVEL_PIPELINE=1                                                                                                                                                                                                                                                                                                                                                                                                                                                                                                                                                                                                             ; --                             ; --          ; auto_signaltap_0 ;
; SLD_NODE_PARAMETER_ASSIGNMENT       ; SLD_ENABLE_ADVANCED_TRIGGER=0                                                                                                                                                                                                                                                                                                                                                                                                                                                                                                                                                                                                            ; --                             ; --          ; auto_signaltap_0 ;
; SLD_NODE_PARAMETER_ASSIGNMENT       ; SLD_DATA_BITS=192                                                                                                                                                                                                                                                                                                                                                                                                                                                                                                                                                                                                                        ; --                             ; --          ; auto_signaltap_0 ;
; SLD_NODE_PARAMETER_ASSIGNMENT       ; SLD_TRIGGER_BITS=192                                                                                                                                                                                                                                                                                                                                                                                                                                                                                                                                                                                                                     ; --                             ; --          ; auto_signaltap_0 ;
; SLD_NODE_PARAMETER_ASSIGNMENT       ; SLD_INVERSION_MASK=000000000000000000000000000000000000000000000000000000000000000000000000000000000000000000000000000000000000000000000000000000000000000000000000000000000000000000000000000000000000000000000000000000000000000000000000000000000000000000000000000000000000000000000000000000000000000000000000000000000000000000000000000000000000000000000000000000000000000000000000000000000000000000000000000000000000000000000000000000000000000000000000000000000000000000000000000000000000000000000000000000000000000000000000000000000000000000000000000000000000000000000000000000000000000000000000000000000000000000000 ; --                             ; --          ; auto_signaltap_0 ;
; SLD_NODE_PARAMETER_ASSIGNMENT       ; SLD_INVERSION_MASK_LENGTH=597                                                                                                                                                                                                                                                                                                                                                                                                                                                                                                                                                                                                            ; --                             ; --          ; auto_signaltap_0 ;
; SLD_NODE_PARAMETER_ASSIGNMENT       ; SLD_NODE_CRC_LOWORD=1999                                                                                                                                                                                                                                                                                                                                                                                                                                                                                                                                                                                                                 ; --                             ; --          ; auto_signaltap_0 ;
; SLD_NODE_PARAMETER_ASSIGNMENT       ; SLD_NODE_CRC_HIWORD=3892                                                                                                                                                                                                                                                                                                                                                                                                                                                                                                                                                                                                                 ; --                             ; --          ; auto_signaltap_0 ;
; TOP_LEVEL_ENTITY                    ; toplevel                                                                                                                                                                                                                                                                                                                                                                                                                                                                                                                                                                                                                                 ; DE2_Audio_Example              ; --          ; --               ;
; USE_GENERATED_PHYSICAL_CONSTRAINTS  ; Off                                                                                                                                                                                                                                                                                                                                                                                                                                                                                                                                                                                                                                      ; --                             ; --          ; eda_palace       ;
; USE_SIGNALTAP_FILE                  ; bitsteamtest.stp                                                                                                                                                                                                                                                                                                                                                                                                                                                                                                                                                                                                                         ; --                             ; --          ; --               ;
; VERILOG_INPUT_VERSION               ; SystemVerilog_2005                                                                                                                                                                                                                                                                                                                                                                                                                                                                                                                                                                                                                       ; Verilog_2001                   ; --          ; --               ;
; VERILOG_SHOW_LMF_MAPPING_MESSAGES   ; Off                                                                                                                                                                                                                                                                                                                                                                                                                                                                                                                                                                                                                                      ; --                             ; --          ; --               ;
+-------------------------------------+------------------------------------------------------------------------------------------------------------------------------------------------------------------------------------------------------------------------------------------------------------------------------------------------------------------------------------------------------------------------------------------------------------------------------------------------------------------------------------------------------------------------------------------------------------------------------------------------------------------------------------------+--------------------------------+-------------+------------------+


+-------------------------------------------------------------------------------------------------------------------------------+
; Flow Elapsed Time                                                                                                             ;
+---------------------------+--------------+-------------------------+---------------------+------------------------------------+
; Module Name               ; Elapsed Time ; Average Processors Used ; Peak Virtual Memory ; Total CPU Time (on all processors) ;
+---------------------------+--------------+-------------------------+---------------------+------------------------------------+
; Analysis & Synthesis      ; 00:00:12     ; 1.0                     ; 619 MB              ; 00:00:07                           ;
; Fitter                    ; 00:00:14     ; 1.0                     ; 946 MB              ; 00:00:13                           ;
; Assembler                 ; 00:00:03     ; 1.0                     ; 472 MB              ; 00:00:02                           ;
; TimeQuest Timing Analyzer ; 00:00:03     ; 1.0                     ; 501 MB              ; 00:00:01                           ;
; Total                     ; 00:00:32     ; --                      ; --                  ; 00:00:23                           ;
+---------------------------+--------------+-------------------------+---------------------+------------------------------------+


+----------------------------------------------------------------------------------------+
; Flow OS Summary                                                                        ;
+---------------------------+------------------+-----------+------------+----------------+
; Module Name               ; Machine Hostname ; OS Name   ; OS Version ; Processor type ;
+---------------------------+------------------+-----------+------------+----------------+
; Analysis & Synthesis      ; 156TR4180DS-07   ; Windows 7 ; 6.2        ; x86_64         ;
; Fitter                    ; 156TR4180DS-07   ; Windows 7 ; 6.2        ; x86_64         ;
; Assembler                 ; 156TR4180DS-07   ; Windows 7 ; 6.2        ; x86_64         ;
; TimeQuest Timing Analyzer ; 156TR4180DS-07   ; Windows 7 ; 6.2        ; x86_64         ;
+---------------------------+------------------+-----------+------------+----------------+


------------
; Flow Log ;
------------
quartus_map --read_settings_files=on --write_settings_files=off AudioLab -c DE2_Audio_Example
quartus_fit --read_settings_files=off --write_settings_files=off AudioLab -c DE2_Audio_Example
quartus_asm --read_settings_files=off --write_settings_files=off AudioLab -c DE2_Audio_Example
quartus_sta AudioLab -c DE2_Audio_Example



